INFO:fatiando: Fatiando a Terra:
  date: Wed Mar 21 19:19:13 2012
  version: 0.0.1
  changeset: 5ffbff58332b
  branch: default
INFO:fatiando.mesher.ddd.PrismMesh: Generating 3D right rectangular prism mesh:
INFO:fatiando.mesher.ddd.PrismMesh:   bounds = (x1, x2, y1, y2, z1, z2) = [0, 5000, 0, 5000, 0, 2000]
INFO:fatiando.mesher.ddd.PrismMesh:   shape = (nz, ny, nx) = (20, 50, 50)
INFO:fatiando.mesher.ddd.PrismMesh:   number of prisms = 50000
INFO:fatiando.mesher.ddd.PrismMesh:   prism dimensions = (dx, dy, dz) = (100.0, 100.0, 100.0)
INFO:fatiando.potential.harvester: Creating prism data modules:
INFO:fatiando.potential.harvester:   data misfit norm: 2
INFO:fatiando.potential.harvester:   observations per data type: 400
INFO:fatiando.potential.harvester:   data types: gzz
INFO:fatiando.potential.harvester:   total number of observations: 400
INFO:fatiando.potential.harvester: Generating prism seeds:
INFO:fatiando.potential.harvester:   regularizing parameter (mu): 100000
INFO:fatiando.potential.harvester:   delta (threshold): 0.0005
INFO:fatiando.potential.harvester:   distance type: absolute
INFO:fatiando.potential.harvester:   shape-of-anomaly: False
INFO:fatiando.potential.harvester:   physical properties: density
INFO:fatiando.potential.harvester:   points: 1
INFO:fatiando.potential.harvester:   seeds found: 1
INFO:fatiando.potential.harvester: Harvesting inversion results from planting anomalous densities:
INFO:fatiando.potential.harvester:   iterate: False
INFO:fatiando.potential.harvester:   initial goal function: 0.99946
INFO:fatiando.potential.harvester:   final goal function: 4.25907e+07
INFO:fatiando.potential.harvester:   total number of accretions: 1491
INFO:fatiando.potential.harvester:   average time per accretion: 0h 0m 0.01195s
INFO:fatiando.potential.harvester:   total time for inversion: 0h 0m 17.81000s
