INFO:fatiando: ########################################
Fatiando a Terra:
  date: Fri Oct 26 16:42:14 2012
  version: 0.1.dev1
  changeset: 0933e5ddbc2c
########################################
INFO:fatiando.msh.ddd: Generating 3D right rectangular prism mesh:
INFO:fatiando.msh.ddd:   bounds = (x1, x2, y1, y2, z1, z2) = [9071903.0, 9135445.0, 569495.4375, 634652.4375, 0, 10000]
INFO:fatiando.msh.ddd:   shape = (nz, ny, nx) = (30, 28, 32)
INFO:fatiando.msh.ddd:   number of prisms = 26880
INFO:fatiando.msh.ddd:   prism dimensions = (dx, dy, dz) = (1985.6875, 2327.035714285714, 333.3333333333333)
INFO:fatiando.pot.harvester: Creating prism data modules:
INFO:fatiando.pot.harvester:   data misfit norm: 2
INFO:fatiando.pot.harvester:   observations per data type: 400
INFO:fatiando.pot.harvester:   data types: gz
INFO:fatiando.pot.harvester:   total number of observations: 400
INFO:fatiando.pot.harvester: Generating prism seeds:
INFO:fatiando.pot.harvester:   regularizing parameter (mu): 0.01
INFO:fatiando.pot.harvester:   delta (threshold): 0.0001
INFO:fatiando.pot.harvester:   distance type: absolute
INFO:fatiando.pot.harvester:   shape-of-anomaly: False
INFO:fatiando.pot.harvester:   seeds given: 1
INFO:fatiando.pot.harvester:   seeds found: 1
INFO:fatiando.pot.harvester: Harvesting inversion results from planting anomalous densities:
INFO:fatiando.pot.harvester:   iterate: False
INFO:fatiando.pot.harvester:   initial goal function: 0.999358
INFO:fatiando.pot.harvester:   final goal function: 5.52184
INFO:fatiando.pot.harvester:   total number of accretions: 2610
INFO:fatiando.pot.harvester:   average time per accretion: 0h 0m 0.02087s
INFO:fatiando.pot.harvester:   total time for inversion: 0h 0m 54.48000s
