INFO:fatiando: ########################################
Fatiando a Terra:
  date: Wed Oct 24 17:01:42 2012
  version: 0.1.dev1
  changeset: 0933e5ddbc2c
########################################
INFO:fatiando.msh.ddd: Generating 3D right rectangular prism mesh:
INFO:fatiando.msh.ddd:   bounds = (x1, x2, y1, y2, z1, z2) = [0.0, 6617.29, 0.0, 4902.6700000000001, -1342.6099999999999, -200]
INFO:fatiando.msh.ddd:   shape = (nz, ny, nx) = (23, 100, 135)
INFO:fatiando.msh.ddd:   number of prisms = 310500
INFO:fatiando.msh.ddd:   prism dimensions = (dx, dy, dz) = (49.016962962962964, 49.0267, 49.67869565217391)
INFO:fatiando.pot.harvester: Creating prism data modules:
INFO:fatiando.pot.harvester:   data misfit norm: 2
INFO:fatiando.pot.harvester:   observations per data type: 4582
INFO:fatiando.pot.harvester:   data types: gyz, gzz
INFO:fatiando.pot.harvester:   total number of observations: 9164
INFO:fatiando.pot.harvester: Generating prism seeds:
INFO:fatiando.pot.harvester:   regularizing parameter (mu): 0.1
INFO:fatiando.pot.harvester:   delta (threshold): 5e-05
INFO:fatiando.pot.harvester:   distance type: relative
INFO:fatiando.pot.harvester:   shape-of-anomaly: False
INFO:fatiando.pot.harvester:   seeds given: 46
INFO:fatiando.pot.harvester:   seeds found: 46
