INFO:fatiando: Fatiando a Terra:
  date: Fri Mar 23 16:35:30 2012
  version: 0.0.1
  changeset: 5ffbff58332b
  branch: default
INFO:fatiando.mesher.ddd.PrismMesh: Generating 3D right rectangular prism mesh:
INFO:fatiando.mesher.ddd.PrismMesh:   bounds = (x1, x2, y1, y2, z1, z2) = [9071903.0, 9135445.0, 569495.4375, 634652.4375, 0, 10000]
INFO:fatiando.mesher.ddd.PrismMesh:   shape = (nz, ny, nx) = (60, 56, 64)
INFO:fatiando.mesher.ddd.PrismMesh:   number of prisms = 215040
INFO:fatiando.mesher.ddd.PrismMesh:   prism dimensions = (dx, dy, dz) = (992.84375, 1163.517857142857, 166.66666666666666)
INFO:fatiando.potential.harvester: Creating prism data modules:
INFO:fatiando.potential.harvester:   data misfit norm: 2
INFO:fatiando.potential.harvester:   observations per data type: 400
INFO:fatiando.potential.harvester:   data types: gz
INFO:fatiando.potential.harvester:   total number of observations: 400
INFO:fatiando.potential.harvester: Generating prism seeds:
INFO:fatiando.potential.harvester:   regularizing parameter (mu): 0.5
INFO:fatiando.potential.harvester:   delta (threshold): 5e-05
INFO:fatiando.potential.harvester:   distance type: relative
INFO:fatiando.potential.harvester:   shape-of-anomaly: True
INFO:fatiando.potential.harvester:   physical properties: density
INFO:fatiando.potential.harvester:   points: 1
INFO:fatiando.potential.harvester:   seeds found: 1
INFO:fatiando.potential.harvester: Harvesting inversion results from planting anomalous densities:
INFO:fatiando.potential.harvester:   iterate: False
INFO:fatiando.potential.harvester:   initial goal function: 0.999921
INFO:fatiando.potential.harvester:   final goal function: 1989.46
INFO:fatiando.potential.harvester:   total number of accretions: 18285
INFO:fatiando.potential.harvester:   average time per accretion: 0h 0m 0.08119s
INFO:fatiando.potential.harvester:   total time for inversion: 0h 24m 44.60000s
INFO:fatiando: Pickling seeds
INFO:fatiando: Pickling mesh
INFO:fatiando: Pickling estimate
INFO:fatiando: Dumping predicted data
INFO:fatiando: Plotting results
